###############################################################################
#
# IAR ANSI C/C++ Compiler V7.20.1.7305/W32 for ARM        12/Nov/2018  22:25:07
# Copyright 1999-2014 IAR Systems AB.
#
#    Cpu mode     =  thumb
#    Endian       =  little
#    Source file  =  
#        C:\Users\Apple\Documents\GitHub\Razor_Atmel\firmware_ascii\application\main.c
#    Command line =  
#        C:\Users\Apple\Documents\GitHub\Razor_Atmel\firmware_ascii\application\main.c
#        -D EIE1 --preprocess=cl
#        C:\Users\Apple\Documents\GitHub\Razor_Atmel\firmware_ascii\iar_7_20_1\Debug\List\
#        -lC
#        C:\Users\Apple\Documents\GitHub\Razor_Atmel\firmware_ascii\iar_7_20_1\Debug\List\
#        -o
#        C:\Users\Apple\Documents\GitHub\Razor_Atmel\firmware_ascii\iar_7_20_1\Debug\Obj\
#        --no_cse --no_unroll --no_inline --no_code_motion --no_tbaa
#        --no_clustering --no_scheduling --debug --endian=little
#        --cpu=Cortex-M3 -e --fpu=None --dlib_config "D:\August
#        study\EIE\arm\INC\c\DLib_Config_Normal.h" -I
#        C:\Users\Apple\Documents\GitHub\Razor_Atmel\firmware_ascii\iar_7_20_1\
#        -I
#        C:\Users\Apple\Documents\GitHub\Razor_Atmel\firmware_ascii\iar_7_20_1\..\bsp\
#        -I
#        C:\Users\Apple\Documents\GitHub\Razor_Atmel\firmware_ascii\iar_7_20_1\..\drivers\
#        -I
#        C:\Users\Apple\Documents\GitHub\Razor_Atmel\firmware_ascii\iar_7_20_1\..\application\
#        -I
#        C:\Users\Apple\Documents\GitHub\Razor_Atmel\firmware_ascii\iar_7_20_1\..\..\firmware_common\
#        -I
#        C:\Users\Apple\Documents\GitHub\Razor_Atmel\firmware_ascii\iar_7_20_1\..\..\firmware_common\application\
#        -I
#        C:\Users\Apple\Documents\GitHub\Razor_Atmel\firmware_ascii\iar_7_20_1\..\..\firmware_common\cmsis\
#        -I
#        C:\Users\Apple\Documents\GitHub\Razor_Atmel\firmware_ascii\iar_7_20_1\..\..\firmware_common\drivers\
#        -On --use_c++_inline --require_prototypes -I "D:\August
#        study\EIE\arm\CMSIS\Include\"
#    List file    =  
#        C:\Users\Apple\Documents\GitHub\Razor_Atmel\firmware_ascii\iar_7_20_1\Debug\List\main.lst
#    Object file  =  
#        C:\Users\Apple\Documents\GitHub\Razor_Atmel\firmware_ascii\iar_7_20_1\Debug\Obj\main.o
#
###############################################################################

C:\Users\Apple\Documents\GitHub\Razor_Atmel\firmware_ascii\application\main.c
      1          /***********************************************************************************************************************
      2          File: main.c                                                                
      3          
      4          Description:
      5          Container for the EiE firmware.  
      6          ***********************************************************************************************************************/
      7          #include "configuration.h"
      8          /***********************************************************************************************************************
      9          Global variable definitions with scope across entire project.
     10          All Global variable names shall start with "G_"
     11          ***********************************************************************************************************************/
     12          /* New variables */

   \                                 In section .bss, align 4
     13          volatile u32 G_u32SystemFlags = 0;                     /* Global system flags */
   \                     G_u32SystemFlags:
   \   00000000                      DS8 4

   \                                 In section .bss, align 4
     14          volatile u32 G_u32ApplicationFlags = 0;                /* Global applications flags: set when application is successfully initialized */
   \                     G_u32ApplicationFlags:
   \   00000000                      DS8 4
     15          
     16          /*--------------------------------------------------------------------------------------------------------------------*/
     17          /* External global variables defined in other files (must indicate which file they are defined in) */
     18          extern volatile u32 G_u32SystemTime1ms;                /* From board-specific source file */
     19          extern volatile u32 G_u32SystemTime1s;                 /* From board-specific source file */
     20          
     21          
     22          /***********************************************************************************************************************
     23          Global variable definitions with scope limited to this local application.
     24          Variable names shall start with "Main_" and be declared as static.
     25          ***********************************************************************************************************************/
     26          
     27          
     28          /***********************************************************************************************************************
     29          Main Program
     30          Main has two sections:
     31          
     32          1. Initialization which is run once on power-up or reset.  All drivers and applications are setup here without timing
     33          contraints but must complete execution regardless of success or failure of starting the application. 
     34          
     35          2. Super loop which runs infinitely giving processor time to each application.  The total loop time should not exceed
     36          1ms of execution time counting all application execution.  SystemSleep() will execute to complete the remaining time in
     37          the 1ms period.
     38          ***********************************************************************************************************************/
     39          

   \                                 In section .text, align 4, keep-with-next
     40          void main(void)
     41          {
   \                     main: (+1)
   \   00000000   0xB580             PUSH     {R7,LR}
     42            G_u32SystemFlags |= _SYSTEM_INITIALIZING;
   \   00000002   0x4833             LDR.N    R0,??main_0
   \   00000004   0x6800             LDR      R0,[R0, #+0]
   \   00000006   0xF050 0x4000      ORRS     R0,R0,#0x80000000
   \   0000000A   0x4931             LDR.N    R1,??main_0
   \   0000000C   0x6008             STR      R0,[R1, #+0]
     43          
     44            /* Low level initialization */
     45            WatchDogSetup(); /* During development, does not reset processor if timeout */
   \   0000000E   0x.... 0x....      BL       WatchDogSetup
     46            GpioSetup();
   \   00000012   0x.... 0x....      BL       GpioSetup
     47            ClockSetup();
   \   00000016   0x.... 0x....      BL       ClockSetup
     48            InterruptSetup();
   \   0000001A   0x.... 0x....      BL       InterruptSetup
     49            SysTickSetup();
   \   0000001E   0x.... 0x....      BL       SysTickSetup
     50          
     51            /* Driver initialization */
     52            MessagingInitialize();
   \   00000022   0x.... 0x....      BL       MessagingInitialize
     53            UartInitialize();
   \   00000026   0x.... 0x....      BL       UartInitialize
     54            DebugInitialize();
   \   0000002A   0x.... 0x....      BL       DebugInitialize
     55          
     56            /* Debug messages through DebugPrintf() are available from here */
     57          
     58            ButtonInitialize();
   \   0000002E   0x.... 0x....      BL       ButtonInitialize
     59            TimerInitialize();  
   \   00000032   0x.... 0x....      BL       TimerInitialize
     60            SspInitialize();
   \   00000036   0x.... 0x....      BL       SspInitialize
     61            TWIInitialize();
   \   0000003A   0x.... 0x....      BL       TWIInitialize
     62            Adc12Initialize();
   \   0000003E   0x.... 0x....      BL       Adc12Initialize
     63            
     64            LcdInitialize();
   \   00000042   0x.... 0x....      BL       LcdInitialize
     65            LedInitialize();
   \   00000046   0x.... 0x....      BL       LedInitialize
     66            AntInitialize();
   \   0000004A   0x.... 0x....      BL       AntInitialize
     67            AntApiInitialize();
   \   0000004E   0x.... 0x....      BL       AntApiInitialize
     68            SdCardInitialize();
   \   00000052   0x.... 0x....      BL       SdCardInitialize
     69          
     70            /* Application initialization */
     71          
     72            UserApp1Initialize();
   \   00000056   0x.... 0x....      BL       UserApp1Initialize
     73            UserApp2Initialize();
   \   0000005A   0x.... 0x....      BL       UserApp2Initialize
     74            UserApp3Initialize();
   \   0000005E   0x.... 0x....      BL       UserApp3Initialize
     75          
     76            
     77            /* Exit initialization */
     78            SystemStatusReport();
   \   00000062   0x.... 0x....      BL       SystemStatusReport
     79            G_u32SystemFlags &= ~_SYSTEM_INITIALIZING;
   \   00000066   0x481A             LDR.N    R0,??main_0
   \   00000068   0x6800             LDR      R0,[R0, #+0]
   \   0000006A   0x0040             LSLS     R0,R0,#+1        ;; ZeroExtS R0,R0,#+1,#+1
   \   0000006C   0x0840             LSRS     R0,R0,#+1
   \   0000006E   0x4918             LDR.N    R1,??main_0
   \   00000070   0x6008             STR      R0,[R1, #+0]
     80              
     81            /* Super loop */  
     82            while(1)
     83            {
     84              WATCHDOG_BONE();
   \                     ??main_1: (+1)
   \   00000072   0x4818             LDR.N    R0,??main_0+0x4  ;; 0xa5000001
   \   00000074   0x4918             LDR.N    R1,??main_0+0x8  ;; 0x400e1250
   \   00000076   0x6008             STR      R0,[R1, #+0]
     85              
     86              /* Drivers */
     87              LedUpdate();
   \   00000078   0x.... 0x....      BL       LedUpdate
     88              ButtonRunActiveState();
   \   0000007C   0x.... 0x....      BL       ButtonRunActiveState
     89              UartRunActiveState();
   \   00000080   0x.... 0x....      BL       UartRunActiveState
     90              TimerRunActiveState(); 
   \   00000084   0x.... 0x....      BL       TimerRunActiveState
     91              SspRunActiveState();
   \   00000088   0x.... 0x....      BL       SspRunActiveState
     92              TWIRunActiveState();
   \   0000008C   0x.... 0x....      BL       TWIRunActiveState
     93              Adc12RunActiveState();
   \   00000090   0x.... 0x....      BL       Adc12RunActiveState
     94              MessagingRunActiveState();
   \   00000094   0x.... 0x....      BL       MessagingRunActiveState
     95              DebugRunActiveState();
   \   00000098   0x.... 0x....      BL       DebugRunActiveState
     96              LcdRunActiveState();
   \   0000009C   0x.... 0x....      BL       LcdRunActiveState
     97              AntRunActiveState();
   \   000000A0   0x.... 0x....      BL       AntRunActiveState
     98              AntApiRunActiveState();
   \   000000A4   0x.... 0x....      BL       AntApiRunActiveState
     99              SdCardRunActiveState();
   \   000000A8   0x.... 0x....      BL       SdCardRunActiveState
    100          
    101              /* Applications */
    102              UserApp1RunActiveState();
   \   000000AC   0x.... 0x....      BL       UserApp1RunActiveState
    103              UserApp2RunActiveState();
   \   000000B0   0x.... 0x....      BL       UserApp2RunActiveState
    104              UserApp3RunActiveState();
   \   000000B4   0x.... 0x....      BL       UserApp3RunActiveState
    105              
    106              /* System sleep*/
    107              HEARTBEAT_OFF();
   \   000000B8   0xF05F 0x4000      MOVS     R0,#-2147483648
   \   000000BC   0x4907             LDR.N    R1,??main_0+0xC  ;; 0x400e0c30
   \   000000BE   0x6008             STR      R0,[R1, #+0]
    108              SystemSleep();
   \   000000C0   0x.... 0x....      BL       SystemSleep
    109              HEARTBEAT_ON();
   \   000000C4   0xF05F 0x4000      MOVS     R0,#-2147483648
   \   000000C8   0x4905             LDR.N    R1,??main_0+0x10  ;; 0x400e0c34
   \   000000CA   0x6008             STR      R0,[R1, #+0]
   \   000000CC   0xE7D1             B.N      ??main_1
   \   000000CE   0xBF00             Nop      
   \                     ??main_0:
   \   000000D0   0x........         DC32     G_u32SystemFlags
   \   000000D4   0xA5000001         DC32     0xa5000001
   \   000000D8   0x400E1250         DC32     0x400e1250
   \   000000DC   0x400E0C30         DC32     0x400e0c30
   \   000000E0   0x400E0C34         DC32     0x400e0c34
    110              
    111            } /* end while(1) main super loop */
    112            
    113          } /* end main() */
    114          
    115          
    116          /*--------------------------------------------------------------------------------------------------------------------*/
    117          /* End of File */
    118          /*--------------------------------------------------------------------------------------------------------------------*/

   Maximum stack usage in bytes:

   .cstack Function
   ------- --------
       8   main
         8   -> Adc12Initialize
         8   -> Adc12RunActiveState
         8   -> AntApiInitialize
         8   -> AntApiRunActiveState
         8   -> AntInitialize
         8   -> AntRunActiveState
         8   -> ButtonInitialize
         8   -> ButtonRunActiveState
         8   -> ClockSetup
         8   -> DebugInitialize
         8   -> DebugRunActiveState
         8   -> GpioSetup
         8   -> InterruptSetup
         8   -> LcdInitialize
         8   -> LcdRunActiveState
         8   -> LedInitialize
         8   -> LedUpdate
         8   -> MessagingInitialize
         8   -> MessagingRunActiveState
         8   -> SdCardInitialize
         8   -> SdCardRunActiveState
         8   -> SspInitialize
         8   -> SspRunActiveState
         8   -> SysTickSetup
         8   -> SystemSleep
         8   -> SystemStatusReport
         8   -> TWIInitialize
         8   -> TWIRunActiveState
         8   -> TimerInitialize
         8   -> TimerRunActiveState
         8   -> UartInitialize
         8   -> UartRunActiveState
         8   -> UserApp1Initialize
         8   -> UserApp1RunActiveState
         8   -> UserApp2Initialize
         8   -> UserApp2RunActiveState
         8   -> UserApp3Initialize
         8   -> UserApp3RunActiveState
         8   -> WatchDogSetup


   Section sizes:

   Bytes  Function/Label
   -----  --------------
       4  G_u32ApplicationFlags
       4  G_u32SystemFlags
     228  main

 
   8 bytes in section .bss
 228 bytes in section .text
 
 228 bytes of CODE memory
   8 bytes of DATA memory

Errors: none
Warnings: none
